오후 2:09:25  [main] 	Initializing Control Panel
오후 2:09:25  [main] 	Windows Version:  Home  64-bit
오후 2:09:25  [main] 	XAMPP Version: 8.0.3
오후 2:09:25  [main] 	Control Panel Version: 3.2.4  [ Compiled: Jun 5th 2019 ]
오후 2:09:25  [main] 	You are not running with administrator rights! This will work for
오후 2:09:25  [main] 	most application stuff but whenever you do something with services
오후 2:09:25  [main] 	there will be a security dialogue or things will break! So think 
오후 2:09:25  [main] 	about running this application with administrator rights!
오후 2:09:25  [main] 	XAMPP Installation Directory: "c:\xampp\"
오후 2:09:25  [main] 	Checking for prerequisites
오후 2:09:26  [main] 	All prerequisites found
오후 2:09:26  [main] 	Initializing Modules
오후 2:09:26  [main] 	The FileZilla module is disabled
오후 2:09:26  [main] 	The Mercury module is disabled
오후 2:09:26  [main] 	The Tomcat module is disabled
오후 2:09:26  [main] 	Starting Check-Timer
오후 2:09:26  [main] 	Control Panel Ready
오후 2:09:29  [Apache] 	Attempting to start Apache app...
오후 2:09:30  [Apache] 	Status change detected: running
오후 5:28:11  [Apache] 	Attempting to stop Apache (PID: 9288)
오후 5:28:11  [Apache] 	Attempting to stop Apache (PID: 9848)
오후 5:28:11  [Apache] 	Status change detected: stopped
오후 10:47:34  [main] 	Deinitializing Modules
오후 10:47:34  [main] 	Deinitializing Control Panel

오후 12:48:32  [main] 	Initializing Control Panel
오후 12:48:32  [main] 	Windows Version:  Home  64-bit
오후 12:48:32  [main] 	XAMPP Version: 8.0.3
오후 12:48:32  [main] 	Control Panel Version: 3.2.4  [ Compiled: Jun 5th 2019 ]
오후 12:48:32  [main] 	You are not running with administrator rights! This will work for
오후 12:48:32  [main] 	most application stuff but whenever you do something with services
오후 12:48:32  [main] 	there will be a security dialogue or things will break! So think 
오후 12:48:32  [main] 	about running this application with administrator rights!
오후 12:48:32  [main] 	XAMPP Installation Directory: "c:\xampp_nodejs채팅\"
오후 12:48:32  [main] 	Checking for prerequisites
오후 12:48:33  [main] 	All prerequisites found
오후 12:48:33  [main] 	Initializing Modules
오후 12:48:33  [main] 	The FileZilla module is disabled
오후 12:48:33  [main] 	The Mercury module is disabled
오후 12:48:33  [main] 	The Tomcat module is disabled
오후 12:48:33  [main] 	Starting Check-Timer
오후 12:48:33  [main] 	Control Panel Ready
오후 12:48:38  [Apache] 	Attempting to start Apache app...
오후 12:48:39  [Apache] 	Status change detected: running
오후 12:48:40  [mysql] 	Attempting to start MySQL app...
오후 12:48:40  [mysql] 	Status change detected: running
오후 12:52:43  [Apache] 	Attempting to stop Apache (PID: 4756)
오후 12:52:43  [Apache] 	Attempting to stop Apache (PID: 16212)
오후 12:52:43  [Apache] 	Status change detected: stopped
오후 12:52:52  [Apache] 	Attempting to start Apache app...
오후 12:52:52  [Apache] 	Status change detected: running
오후 12:54:14  [Apache] 	Attempting to stop Apache (PID: 25240)
오후 12:54:14  [Apache] 	Attempting to stop Apache (PID: 6520)
오후 12:54:15  [Apache] 	Status change detected: stopped
오후 12:54:15  [mysql] 	Attempting to stop MySQL app...
오후 12:54:15  [mysql] 	Status change detected: stopped
오후 12:54:16  [main] 	Deinitializing Modules
오후 12:54:16  [main] 	Deinitializing Control Panel

오전 11:33:55  [main] 	Initializing Control Panel
오전 11:33:55  [main] 	Windows Version:  Enterprise  64-bit
오전 11:33:55  [main] 	XAMPP Version: 8.0.3
오전 11:33:55  [main] 	Control Panel Version: 3.2.4  [ Compiled: Jun 5th 2019 ]
오전 11:33:55  [main] 	Running with Administrator rights - good!
오전 11:33:55  [main] 	XAMPP Installation Directory: "c:\users\ksh\desktop\침하\chat\xampp\"
오전 11:33:55  [main] 	Checking for prerequisites
오전 11:33:56  [main] 	All prerequisites found
오전 11:33:56  [main] 	Initializing Modules
오전 11:33:56  [main] 	The FileZilla module is disabled
오전 11:33:56  [main] 	The Mercury module is disabled
오전 11:33:56  [main] 	The Tomcat module is disabled
오전 11:33:56  [main] 	Starting Check-Timer
오전 11:33:56  [main] 	Control Panel Ready
오전 11:34:00  [Apache] 	Attempting to start Apache app...
오전 11:34:01  [Apache] 	Status change detected: running
오전 11:34:01  [Apache] 	Status change detected: stopped
오전 11:34:01  [Apache] 	Error: Apache shutdown unexpectedly.
오전 11:34:01  [Apache] 	This may be due to a blocked port, missing dependencies, 
오전 11:34:01  [Apache] 	improper privileges, a crash, or a shutdown by another method.
오전 11:34:01  [Apache] 	Press the Logs button to view error logs and check
오전 11:34:01  [Apache] 	the Windows Event Viewer for more clues
오전 11:34:01  [Apache] 	If you need more help, copy and post this
오전 11:34:01  [Apache] 	entire log window on the forums
오전 11:34:04  [main] 	Deinitializing Modules
오전 11:34:04  [main] 	Deinitializing Control Panel

